0	0
1	41934
2	0
3	0
4	0
5	0
6	0
7	0
8	0
9	0
10	0
11	0
12	0
13	0
14	0
15	0
16	0
17	0
18	0
19	0
20	0
21	0
22	0
23	0
24	0
25	0
26	0
27	0
28	0
29	0
30	0
31	0
32	0
33	0
34	0
35	0
36	0
37	0
38	0
39	0
40	0
41	0
42	0
43	0
44	0
45	0
46	0
47	0
48	0
49	0
50	0
51	0
52	0
53	0
54	0
55	0
56	0
57	0
58	0
59	0
60	0
61	0
62	0
63	0
64	0
65	0
66	0
67	0
68	0
69	0
70	0
71	0
72	0
73	0
74	0
75	0
76	0
77	0
78	0
79	0
80	0
81	0
82	0
83	0
84	0
85	0
86	0
87	0
88	0
89	0
90	0
91	0
92	0
93	0
94	0
95	0
96	0
97	0
98	0
99	0
100	0
101	0
102	0
103	0
104	0
105	0
106	0
107	0
108	0
109	0
110	0
111	0
112	0
113	0
114	0
115	0
116	0
117	0
118	0
119	0
120	0
121	0
122	0
123	0
124	0
125	0
126	0
127	0
128	0
129	0
130	0
131	0
132	0
133	0
134	0
135	0
136	0
137	0
138	0
139	0
140	0
141	0
142	0
143	0
144	0
145	0
146	0
147	0
148	0
149	0
150	0
151	0
152	0
153	0
154	0
155	0
156	0
157	0
158	0
159	0
160	0
161	0
162	0
163	0
164	0
165	0
166	0
167	0
168	0
169	0
170	0
171	0
172	0
173	0
174	0
175	0
176	0
177	0
178	0
179	0
180	0
181	0
182	0
183	0
184	0
185	0
186	0
187	0
188	0
189	0
190	0
191	0
192	0
193	0
194	0
195	0
196	0
197	0
198	0
199	0
200	0
201	0
202	0
203	0
204	0
205	0
206	0
207	0
208	0
209	0
210	0
211	0
212	0
213	0
214	0
215	0
216	0
217	0
218	0
219	0
220	0
221	0
222	0
223	0
224	0
225	0
226	0
227	0
228	0
229	0
230	0
231	0
232	0
233	0
234	0
235	0
236	0
237	0
238	0
239	0
240	0
241	0
242	0
243	0
244	0
245	0
246	0
247	0
248	0
249	0
250	0
251	0
252	0
253	0
254	0
255	0
256	0
257	0
258	0
259	0
260	0
261	0
262	0
263	0
264	0
265	0
266	0
267	0
268	0
269	0
270	0
271	0
272	0
273	0
274	0
275	0
276	0
277	0
278	0
279	0
280	0
281	0
282	0
283	0
284	0
285	0
286	0
287	0
288	0
289	0
290	0
291	0
292	0
293	0
294	0
295	0
296	0
297	0
298	0
299	0
300	0
301	0
302	0
303	0
304	0
305	0
306	0
307	0
308	0
309	0
310	0
311	0
312	0
313	0
314	0
315	0
316	0
317	0
318	0
319	0
320	0
321	0
322	0
323	0
324	0
325	0
326	0
327	0
328	0
329	0
330	0
331	0
332	0
333	0
334	0
335	0
336	0
337	0
338	0
339	0
340	0
341	0
342	0
343	0
344	0
345	0
346	0
347	0
348	0
349	0
350	0
351	0
352	0
353	0
354	0
355	0
356	0
357	0
358	0
359	0
360	0
361	0
362	0
363	0
364	0
365	0
366	0
367	0
368	0
369	0
370	0
371	0
372	0
373	0
374	0
375	0
376	0
377	0
378	0
379	0
380	0
381	0
382	0
383	0
384	0
385	0
386	0
387	0
388	0
389	0
390	0
391	0
392	0
393	0
394	0
395	0
396	0
397	0
398	0
399	0
400	0
401	0
402	0
403	0
404	0
405	0
406	0
407	0
408	0
409	0
410	0
411	0
412	0
413	0
414	0
415	0
416	0
417	0
418	0
419	0
420	0
421	0
422	0
423	0
424	0
425	0
426	0
427	0
428	0
429	0
430	0
431	0
432	0
433	0
434	0
435	0
436	0
437	0
438	0
439	0
440	0
441	0
442	0
443	0
444	0
445	0
446	0
447	0
448	0
449	0
450	0
451	0
452	0
453	0
454	0
455	0
456	0
457	0
458	0
459	0
460	0
461	0
462	0
463	0
464	0
465	0
466	0
467	0
468	0
469	0
470	0
471	0
472	0
473	0
474	0
475	0
476	0
477	0
478	0
479	0
480	0
481	0
482	0
483	0
484	0
485	0
486	0
487	0
488	0
489	0
490	0
491	0
492	0
493	0
494	0
495	0
496	0
497	0
498	0
499	0
500	0
501	0
502	0
503	0
504	0
505	0
506	0
507	0
508	0
509	0
510	0
511	0
512	0
513	0
514	0
515	0
516	0
517	0
518	0
519	0
520	0
521	0
522	0
523	0
524	0
525	0
526	0
527	0
528	0
529	0
530	0
531	0
532	0
533	0
534	0
535	0
536	0
537	0
538	0
539	0
540	0
541	0
542	0
543	0
544	0
545	0
546	0
547	0
548	0
549	0
550	0
551	0
552	0
553	0
554	0
555	0
556	0
557	0
558	0
559	0
560	0
561	0
562	0
563	0
564	0
565	0
566	0
567	0
568	0
569	0
570	0
571	0
572	0
573	0
574	0
575	0
576	0
577	0
578	0
579	0
580	0
581	0
582	0
583	0
584	0
585	0
586	0
587	0
588	0
589	0
590	0
591	0
592	0
593	0
594	0
595	0
596	0
597	0
598	0
599	0
600	0
601	0
602	0
603	0
604	0
605	0
606	0
607	0
608	0
609	0
610	0
611	0
612	0
613	0
614	0
615	0
616	0
617	0
618	0
619	0
620	0
621	0
622	0
623	0
624	0
625	0
626	0
627	0
628	0
629	0
630	0
631	0
632	0
633	0
634	0
635	0
636	0
637	0
638	0
639	0
640	0
641	0
642	0
643	0
644	0
645	0
646	0
647	0
648	0
649	0
650	0
651	0
652	0
653	0
654	0
655	0
656	0
657	0
658	0
659	0
660	0
661	0
662	0
663	0
664	0
665	0
666	0
667	0
668	0
669	0
670	0
671	0
672	0
673	0
674	0
675	0
676	0
677	0
678	0
679	0
680	0
681	0
682	0
683	0
684	0
685	0
686	0
687	0
688	0
689	0
690	0
691	0
692	0
693	0
694	0
695	0
696	0
697	0
698	0
699	0
700	0
701	0
702	0
703	0
704	0
705	0
706	0
707	0
708	0
709	0
710	0
711	0
712	0
713	0
714	0
715	0
716	0
717	0
718	0
719	0
720	0
721	0
722	0
723	0
724	0
725	0
726	0
727	0
728	0
729	0
730	0
731	0
732	0
733	0
734	0
735	0
736	0
737	0
738	0
739	0
740	0
741	0
742	0
743	0
744	0
745	0
746	0
747	0
748	0
749	0
750	0
751	0
752	0
753	0
754	0
755	0
756	0
757	0
758	0
759	0
760	0
761	0
762	0
763	0
764	0
765	0
766	0
767	0
768	0
769	0
770	0
771	0
772	0
773	0
774	0
775	0
776	0
777	0
778	0
779	0
780	0
781	0
782	0
783	0
784	0
785	0
786	0
787	0
788	0
789	0
790	0
791	0
792	0
793	0
794	0
795	0
796	0
797	0
798	0
799	0
800	0
801	0
802	0
803	0
804	0
805	0
806	0
807	0
808	0
809	0
810	0
811	0
812	0
813	0
814	0
815	0
816	0
817	0
818	0
819	0
820	0
821	0
822	0
823	0
824	0
825	0
826	0
827	0
828	0
829	0
830	0
831	0
832	0
833	0
834	0
835	0
836	0
837	0
838	0
839	0
840	0
841	0
842	0
843	0
844	0
845	0
846	0
847	0
848	0
849	0
850	0
851	0
852	0
853	0
854	0
855	0
856	0
857	0
858	0
859	0
860	0
861	0
862	0
863	0
864	0
865	0
866	0
867	0
868	0
869	0
870	0
871	0
872	0
873	0
874	0
875	0
876	0
877	0
878	0
879	0
880	0
881	0
882	0
883	0
884	0
885	0
886	0
887	0
888	0
889	0
890	0
891	0
892	0
893	0
894	0
895	0
896	0
897	0
898	0
899	0
900	0
901	0
902	0
903	0
904	0
905	0
906	0
907	0
908	0
909	0
910	0
911	0
912	0
913	0
914	0
915	0
916	0
917	0
918	0
919	0
920	0
921	0
922	0
923	0
924	0
925	0
926	0
927	0
928	0
929	0
930	0
931	0
932	0
933	0
934	0
935	0
936	0
937	0
938	0
939	0
940	0
941	0
942	0
943	0
944	0
945	0
946	0
947	0
948	0
949	0
950	0
951	0
952	0
953	0
954	0
955	0
956	0
957	0
958	0
959	0
960	0
961	0
962	0
963	0
964	0
965	0
966	0
967	0
968	0
969	0
970	0
971	0
972	0
973	0
974	0
975	0
976	0
977	0
978	0
979	0
980	0
981	0
982	0
983	0
984	0
985	0
986	0
987	0
988	0
989	0
990	0
991	0
992	0
993	0
994	0
995	0
996	0
997	0
998	0
999	0
1000	0
1001	0
1002	0
1003	0
1004	0
1005	0
1006	0
1007	0
1008	0

0	0
1	0
2	0
3	0
4	0
5	0
6	0
7	0
8	0
9	0
10	0
11	0
12	0
13	0
14	0
15	0
16	0
17	0
18	0
19	0
20	0
21	0
22	0
23	0
24	0
25	0
26	0
27	0
28	0
29	0
30	0
31	0
32	0
33	0
34	0
35	0
36	0
37	0
38	0
39	0
40	0
41	0
42	0
43	0
44	0
45	0
46	0
47	0
48	10
49	848
50	342
51	251
52	252
53	233
54	124
55	67
56	56
57	59
58	0
59	0
60	0
61	0
62	0
63	0
64	0
65	812
66	606
67	973
68	537
69	432
70	479
71	375
72	401
73	388
74	142
75	179
76	433
77	701
78	307
79	283
80	818
81	38
82	516
83	1105
84	628
85	136
86	222
87	378
88	48
89	51
90	35
91	0
92	0
93	0
94	0
95	0
96	0
97	1851
98	1466
99	2742
100	1857
101	1389
102	1406
103	822
104	1019
105	1389
106	186
107	149
108	957
109	1272
110	553
111	771
112	2167
113	120
114	1584
115	3268
116	1508
117	695
118	490
119	891
120	3
121	91
122	23
123	0
124	0
125	0
126	0
127	0
128	0
129	0
130	0
131	0
132	0
133	0
134	0
135	0
136	0
137	0
138	0
139	0
140	0
141	0
142	0
143	0
144	0
145	0
146	0
147	0
148	0
149	0
150	0
151	0
152	0
153	0
154	0
155	0
156	0
157	0
158	0
159	0
160	0
161	0
162	0
163	0
164	0
165	0
166	0
167	0
168	0
169	0
170	0
171	0
172	0
173	0
174	0
175	0
176	0
177	0
178	0
179	0
180	0
181	0
182	0
183	0
184	0
185	0
186	0
187	0
188	0
189	0
190	0
191	0
192	0
193	0
194	0
195	0
196	0
197	0
198	0
199	0
200	0
201	0
202	0
203	0
204	0
205	0
206	0
207	0
208	0
209	0
210	0
211	0
212	0
213	0
214	0
215	0
216	0
217	0
218	0
219	0
220	0
221	0
222	0
223	0
224	0
225	0
226	0
227	0
228	0
229	0
230	0
231	0
232	0
233	0
234	0
235	0
236	0
237	0
238	0
239	0
240	0
241	0
242	0
243	0
244	0
245	0
246	0
247	0
248	0
249	0
250	0
251	0
252	0
253	0
254	0
255	0
256	0
257	0
258	0
259	0
260	0
261	0
262	0
263	0
264	0
265	0
266	0
267	0
268	0
269	0
270	0
271	0
272	0
273	0
274	0
275	0
276	0
277	0
278	0
279	0
280	0
281	0
282	0
283	0
284	0
285	0
286	0
287	0
288	0
289	0
290	0
291	0
292	0
293	0
294	0
295	0
296	0
297	0
298	0
299	0
300	0
301	0
302	0
303	0
304	0
305	0
306	0
307	0
308	0
309	0
310	0
311	0
312	0
313	0
314	0
315	0
316	0
317	0
318	0
319	0
320	0
321	0
322	0
323	0
324	0
325	0
326	0
327	0
328	0
329	0
330	0
331	0
332	0
333	0
334	0
335	0
336	0
337	0
338	0
339	0
340	0
341	0
342	0
343	0
344	0
345	0
346	0
347	0
348	0
349	0
350	0
351	0
352	0
353	0
354	0
355	0
356	0
357	0
358	0
359	0
360	0
361	0
362	0
363	0
364	0
365	0
366	0
367	0
368	0
369	0
370	0
371	0
372	0
373	0
374	0
375	0
376	0
377	0
378	0
379	0
380	0
381	0
382	0
383	0
384	0
385	0
386	0
387	0
388	0
389	0
390	0
391	0
392	0
393	0
394	0
395	0
396	0
397	0
398	0
399	0
400	0
401	0
402	0
403	0
404	0
405	0
406	0
407	0
408	0
409	0
410	0
411	0
412	0
413	0
414	0
415	0
416	0
417	0
418	0
419	0
420	0
421	0
422	0
423	0
424	0
425	0
426	0
427	0
428	0
429	0
430	0
431	0
432	0
433	0
434	0
435	0
436	0
437	0
438	0
439	0
440	0
441	0
442	0
443	0
444	0
445	0
446	0
447	0
448	0
449	0
450	0
451	0
452	0
453	0
454	0
455	0
456	0
457	0
458	0
459	0
460	0
461	0
462	0
463	0
464	0
465	0
466	0
467	0
468	0
469	0
470	0
471	0
472	0
473	0
474	0
475	0
476	0
477	0
478	0
479	0
480	0
481	0
482	0
483	0
484	0
485	0
486	0
487	0
488	0
489	0
490	0
491	0
492	0
493	0
494	0
495	0
496	0
497	0
498	0
499	0
500	0
501	0
502	0
503	0
504	0
505	0
506	0
507	0
508	0
509	0
510	0
511	0
512	0
513	0
514	0
515	0
516	0
517	0
518	0
519	0
520	0
521	0
522	0
523	0
524	0
525	0
526	0
527	0
528	0
529	0
530	0
531	0
532	0
533	0
534	0
535	0
536	0
537	0
538	0
539	0
540	0
541	0
542	0
543	0
544	0
545	0
546	0
547	0
548	0
549	0
550	0
551	0
552	0
553	0
554	0
555	0
556	0
557	0
558	0
559	0
560	0
561	0
562	0
563	0
564	0
565	0
566	0
567	0
568	0
569	0
570	0
571	0
572	0
573	0
574	0
575	0
576	0
577	0
578	0
579	0
580	0
581	0
582	0
583	0
584	0
585	0
586	0
587	0
588	0
589	0
590	0
591	0
592	0
593	0
594	0
595	0
596	0
597	0
598	0
599	0
600	0
601	0
602	0
603	0
604	0
605	0
606	0
607	0
608	0
609	0
610	0
611	0
612	0
613	0
614	0
615	0
616	0
617	0
618	0
619	0
620	0
621	0
622	0
623	0
624	0
625	0
626	0
627	0
628	0
629	0
630	0
631	0
632	0
633	0
634	0
635	0
636	0
637	0
638	0
639	0
640	0
641	0
642	0
643	0
644	0
645	0
646	0
647	0
648	0
649	0
650	0
651	0
652	0
653	0
654	0
655	0
656	0
657	0
658	0
659	0
660	0
661	0
662	0
663	0
664	0
665	0
666	0
667	0
668	0
669	0
670	0
671	0
672	0
673	0
674	0
675	0
676	0
677	0
678	0
679	0
680	0
681	0
682	0
683	0
684	0
685	0
686	0
687	0
688	0
689	0
690	0
691	0
692	0
693	0
694	0
695	0
696	0
697	0
698	0
699	0
700	0
701	0
702	0
703	0
704	0
705	0
706	0
707	0
708	0
709	0
710	0
711	0
712	0
713	0
714	0
715	0
716	0
717	0
718	0
719	0
720	0
721	0
722	0
723	0
724	0
725	0
726	0
727	0
728	0
729	0
730	0
731	0
732	0
733	0
734	0
735	0
736	0
737	0
738	0
739	0
740	0
741	0
742	0
743	0
744	0
745	0
746	0
747	0
748	0
749	0
750	0
751	0
752	0
753	0
754	0
755	0
756	0
757	0
758	0
759	0
760	0
761	0
762	0
763	0
764	0
765	0
766	0
767	0
768	0
769	0
770	0
771	0
772	0
773	0
774	0
775	0
776	0
777	0
778	0
779	0
780	0
781	0
782	0
783	0
784	0
785	0
786	0
787	0
788	0
789	0
790	0
791	0
792	0
793	0
794	0
795	0
796	0
797	0
798	0
799	0
800	0
801	0
802	0
803	0
804	0
805	0
806	0
807	0
808	0
809	0
810	0
811	0
812	0
813	0
814	0
815	0
816	0
817	0
818	0
819	0
820	0
821	0
822	0
823	0
824	0
825	0
826	0
827	0
828	0
829	0
830	0
831	0
832	0
833	0
834	0
835	0
836	0
837	0
838	0
839	0
840	0
841	0
842	0
843	0
844	0
845	0
846	0
847	0
848	0
849	0
850	0
851	0
852	0
853	0
854	0
855	0
856	0
857	0
858	0
859	0
860	0
861	0
862	0
863	0
864	0
865	0
866	0
867	0
868	0
869	0
870	0
871	0
872	0
873	0
874	0
875	0
876	0
877	0
878	0
879	0
880	0
881	0
882	0
883	0
884	0
885	0
886	0
887	0
888	0
889	0
890	0
891	0
892	0
893	0
894	0
895	0
896	0
897	0
898	0
899	0
900	0
901	0
902	0
903	0
904	0
905	0
906	0
907	0
908	0
909	0
910	0
911	0
912	0
913	0
914	0
915	0
916	0
917	0
918	0
919	0
920	0
921	0
922	0
923	0
924	0
925	0
926	0
927	0
928	0
929	0
930	0
931	0
932	0
933	0
934	0
935	0
936	0
937	0
938	0
939	0
940	0
941	0
942	0
943	0
944	0
945	0
946	0
947	0
948	0
949	0
950	0
951	0
952	0
953	0
954	0
955	0
956	0
957	0
958	0
959	0
960	0
961	0
962	0
963	0
964	0
965	0
966	0
967	0
968	0
969	0
970	0
971	0
972	0
973	0
974	0
975	0
976	0
977	0
978	0
979	0
980	0
981	0
982	0
983	0
984	0
985	0
986	0
987	0
988	0
989	0
990	0
991	0
992	0
993	0
994	0
995	0
996	0
997	0
998	0
999	0
1000	0
1001	0
1002	0
1003	0
1004	0
1005	0
1006	0
1007	0
1008	0

0	0
1	61
2	419
3	1271
4	2605
5	3713
6	5409
7	5988
8	5749
9	4959
10	3965
11	2829
12	1927
13	1195
14	684
15	416
16	242
17	156
18	108
19	69
20	52
21	27
22	20
23	22
24	8
25	7
26	7
27	6
28	6
29	2
30	1
31	1
32	1
33	2
34	1
35	0
36	1
37	0
38	1
39	0
40	0
41	1
42	0
43	1
44	1
45	1
46	0
47	0
48	0
49	0
50	0
51	0
52	0
53	0
54	0
55	0
56	0
57	0
58	0
59	0
60	0
61	0
62	0
63	0
64	0
65	0
66	0
67	0
68	0
69	0
70	0
71	0
72	0
73	0
74	0
75	0
76	0
77	0
78	0
79	0
80	0
81	0
82	0
83	0
84	0
85	0
86	0
87	0
88	0
89	0
90	0
91	0
92	0
93	0
94	0
95	0
96	0
97	0
98	0
99	0
100	0
101	0
102	0
103	0
104	0
105	0
106	0
107	0
108	0
109	0
110	0
111	0
112	0
113	0
114	0
115	0
116	0
117	0
118	0
119	0
120	0
121	0
122	0
123	0
124	0
125	0
126	0
127	0
128	0
129	0
130	0
131	0
132	0
133	0
134	0
135	0
136	0
137	0
138	0
139	0
140	0
141	0
142	0
143	0
144	0
145	0
146	0
147	0
148	0
149	0
150	0
151	0
152	0
153	0
154	0
155	0
156	0
157	0
158	0
159	0
160	0
161	0
162	0
163	0
164	0
165	0
166	0
167	0
168	0
169	0
170	0
171	0
172	0
173	0
174	0
175	0
176	0
177	0
178	0
179	0
180	0
181	0
182	0
183	0
184	0
185	0
186	0
187	0
188	0
189	0
190	0
191	0
192	0
193	0
194	0
195	0
196	0
197	0
198	0
199	0
200	0
201	0
202	0
203	0
204	0
205	0
206	0
207	0
208	0
209	0
210	0
211	0
212	0
213	0
214	0
215	0
216	0
217	0
218	0
219	0
220	0
221	0
222	0
223	0
224	0
225	0
226	0
227	0
228	0
229	0
230	0
231	0
232	0
233	0
234	0
235	0
236	0
237	0
238	0
239	0
240	0
241	0
242	0
243	0
244	0
245	0
246	0
247	0
248	0
249	0
250	0
251	0
252	0
253	0
254	0
255	0
256	0
257	0
258	0
259	0
260	0
261	0
262	0
263	0
264	0
265	0
266	0
267	0
268	0
269	0
270	0
271	0
272	0
273	0
274	0
275	0
276	0
277	0
278	0
279	0
280	0
281	0
282	0
283	0
284	0
285	0
286	0
287	0
288	0
289	0
290	0
291	0
292	0
293	0
294	0
295	0
296	0
297	0
298	0
299	0
300	0
301	0
302	0
303	0
304	0
305	0
306	0
307	0
308	0
309	0
310	0
311	0
312	0
313	0
314	0
315	0
316	0
317	0
318	0
319	0
320	0
321	0
322	0
323	0
324	0
325	0
326	0
327	0
328	0
329	0
330	0
331	0
332	0
333	0
334	0
335	0
336	0
337	0
338	0
339	0
340	0
341	0
342	0
343	0
344	0
345	0
346	0
347	0
348	0
349	0
350	0
351	0
352	0
353	0
354	0
355	0
356	0
357	0
358	0
359	0
360	0
361	0
362	0
363	0
364	0
365	0
366	0
367	0
368	0
369	0
370	0
371	0
372	0
373	0
374	0
375	0
376	0
377	0
378	0
379	0
380	0
381	0
382	0
383	0
384	0
385	0
386	0
387	0
388	0
389	0
390	0
391	0
392	0
393	0
394	0
395	0
396	0
397	0
398	0
399	0
400	0
401	0
402	0
403	0
404	0
405	0
406	0
407	0
408	0
409	0
410	0
411	0
412	0
413	0
414	0
415	0
416	0
417	0
418	0
419	0
420	0
421	0
422	0
423	0
424	0
425	0
426	0
427	0
428	0
429	0
430	0
431	0
432	0
433	0
434	0
435	0
436	0
437	0
438	0
439	0
440	0
441	0
442	0
443	0
444	0
445	0
446	0
447	0
448	0
449	0
450	0
451	0
452	0
453	0
454	0
455	0
456	0
457	0
458	0
459	0
460	0
461	0
462	0
463	0
464	0
465	0
466	0
467	0
468	0
469	0
470	0
471	0
472	0
473	0
474	0
475	0
476	0
477	0
478	0
479	0
480	0
481	0
482	0
483	0
484	0
485	0
486	0
487	0
488	0
489	0
490	0
491	0
492	0
493	0
494	0
495	0
496	0
497	0
498	0
499	0
500	0
501	0
502	0
503	0
504	0
505	0
506	0
507	0
508	0
509	0
510	0
511	0
512	0
513	0
514	0
515	0
516	0
517	0
518	0
519	0
520	0
521	0
522	0
523	0
524	0
525	0
526	0
527	0
528	0
529	0
530	0
531	0
532	0
533	0
534	0
535	0
536	0
537	0
538	0
539	0
540	0
541	0
542	0
543	0
544	0
545	0
546	0
547	0
548	0
549	0
550	0
551	0
552	0
553	0
554	0
555	0
556	0
557	0
558	0
559	0
560	0
561	0
562	0
563	0
564	0
565	0
566	0
567	0
568	0
569	0
570	0
571	0
572	0
573	0
574	0
575	0
576	0
577	0
578	0
579	0
580	0
581	0
582	0
583	0
584	0
585	0
586	0
587	0
588	0
589	0
590	0
591	0
592	0
593	0
594	0
595	0
596	0
597	0
598	0
599	0
600	0
601	0
602	0
603	0
604	0
605	0
606	0
607	0
608	0
609	0
610	0
611	0
612	0
613	0
614	0
615	0
616	0
617	0
618	0
619	0
620	0
621	0
622	0
623	0
624	0
625	0
626	0
627	0
628	0
629	0
630	0
631	0
632	0
633	0
634	0
635	0
636	0
637	0
638	0
639	0
640	0
641	0
642	0
643	0
644	0
645	0
646	0
647	0
648	0
649	0
650	0
651	0
652	0
653	0
654	0
655	0
656	0
657	0
658	0
659	0
660	0
661	0
662	0
663	0
664	0
665	0
666	0
667	0
668	0
669	0
670	0
671	0
672	0
673	0
674	0
675	0
676	0
677	0
678	0
679	0
680	0
681	0
682	0
683	0
684	0
685	0
686	0
687	0
688	0
689	0
690	0
691	0
692	0
693	0
694	0
695	0
696	0
697	0
698	0
699	0
700	0
701	0
702	0
703	0
704	0
705	0
706	0
707	0
708	0
709	0
710	0
711	0
712	0
713	0
714	0
715	0
716	0
717	0
718	0
719	0
720	0
721	0
722	0
723	0
724	0
725	0
726	0
727	0
728	0
729	0
730	0
731	0
732	0
733	0
734	0
735	0
736	0
737	0
738	0
739	0
740	0
741	0
742	0
743	0
744	0
745	0
746	0
747	0
748	0
749	0
750	0
751	0
752	0
753	0
754	0
755	0
756	0
757	0
758	0
759	0
760	0
761	0
762	0
763	0
764	0
765	0
766	0
767	0
768	0
769	0
770	0
771	0
772	0
773	0
774	0
775	0
776	0
777	0
778	0
779	0
780	0
781	0
782	0
783	0
784	0
785	0
786	0
787	0
788	0
789	0
790	0
791	0
792	0
793	0
794	0
795	0
796	0
797	0
798	0
799	0
800	0
801	0
802	0
803	0
804	0
805	0
806	0
807	0
808	0
809	0
810	0
811	0
812	0
813	0
814	0
815	0
816	0
817	0
818	0
819	0
820	0
821	0
822	0
823	0
824	0
825	0
826	0
827	0
828	0
829	0
830	0
831	0
832	0
833	0
834	0
835	0
836	0
837	0
838	0
839	0
840	0
841	0
842	0
843	0
844	0
845	0
846	0
847	0
848	0
849	0
850	0
851	0
852	0
853	0
854	0
855	0
856	0
857	0
858	0
859	0
860	0
861	0
862	0
863	0
864	0
865	0
866	0
867	0
868	0
869	0
870	0
871	0
872	0
873	0
874	0
875	0
876	0
877	0
878	0
879	0
880	0
881	0
882	0
883	0
884	0
885	0
886	0
887	0
888	0
889	0
890	0
891	0
892	0
893	0
894	0
895	0
896	0
897	0
898	0
899	0
900	0
901	0
902	0
903	0
904	0
905	0
906	0
907	0
908	0
909	0
910	0
911	0
912	0
913	0
914	0
915	0
916	0
917	0
918	0
919	0
920	0
921	0
922	0
923	0
924	0
925	0
926	0
927	0
928	0
929	0
930	0
931	0
932	0
933	0
934	0
935	0
936	0
937	0
938	0
939	0
940	0
941	0
942	0
943	0
944	0
945	0
946	0
947	0
948	0
949	0
950	0
951	0
952	0
953	0
954	0
955	0
956	0
957	0
958	0
959	0
960	0
961	0
962	0
963	0
964	0
965	0
966	0
967	0
968	0
969	0
970	0
971	0
972	0
973	0
974	0
975	0
976	0
977	0
978	0
979	0
980	0
981	0
982	0
983	0
984	0
985	0
986	0
987	0
988	0
989	0
990	0
991	0
992	0
993	0
994	0
995	0
996	0
997	0
998	0
999	0
1000	0
1001	0
1002	0
1003	0
1004	0
1005	0
1006	0
1007	0
1008	0

0	10
1	11
2	13
3	8
4	12
5	10
6	6
7	17
8	16
9	10
10	18
11	10
12	13
13	17
14	14
15	20
16	22
17	21
18	8
19	12
20	23
21	20
22	10
23	23
24	17
25	10
26	15
27	19
28	18
29	22
30	28
31	25
32	26
33	34
34	23
35	20
36	28
37	30
38	37
39	38
40	48
41	47
42	49
43	33
44	46
45	37
46	41
47	45
48	62
49	49
50	53
51	62
52	66
53	59
54	40
55	67
56	59
57	59
58	53
59	72
60	64
61	50
62	59
63	67
64	63
65	84
66	55
67	74
68	57
69	64
70	60
71	62
72	59
73	66
74	67
75	67
76	59
77	49
78	64
79	68
80	71
81	55
82	52
83	63
84	48
85	51
86	41
87	52
88	37
89	42
90	32
91	25
92	41
93	41
94	26
95	32
96	23
97	29
98	28
99	27
100	21
101	25
102	25
103	26
104	29
105	23
106	16
107	18
108	19
109	20
110	14
111	18
112	21
113	15
114	22
115	8
116	10
117	18
118	12
119	11
120	12
121	10
122	8
123	8
124	13
125	13
126	10
127	12
128	14
129	16
130	13
131	14
132	19
133	13
134	20
135	18
136	11
137	14
138	21
139	24
140	18
141	21
142	29
143	31
144	38
145	37
146	43
147	36
148	33
149	64
150	59
151	60
152	60
153	70
154	81
155	76
156	85
157	98
158	90
159	79
160	67
161	74
162	68
163	55
164	55
165	55
166	44
167	50
168	51
169	47
170	53
171	49
172	44
173	41
174	61
175	51
176	45
177	58
178	45
179	43
180	41
181	40
182	46
183	46
184	44
185	42
186	42
187	38
188	43
189	37
190	37
191	34
192	34
193	41
194	31
195	49
196	33
197	39
198	31
199	33
200	29
201	35
202	35
203	35
204	39
205	42
206	33
207	43
208	37
209	39
210	47
211	38
212	41
213	35
214	31
215	32
216	30
217	25
218	19
219	23
220	18
221	18
222	14
223	8
224	11
225	10
226	16
227	7
228	11
229	13
230	11
231	14
232	16
233	10
234	20
235	10
236	5
237	10
238	9
239	14
240	14
241	11
242	13
243	10
244	11
245	16
246	19
247	15
248	11
249	19
250	14
251	14
252	23
253	22
254	13
255	23
256	20
257	26
258	29
259	23
260	30
261	24
262	28
263	30
264	38
265	24
266	28
267	32
268	26
269	24
270	32
271	26
272	28
273	41
274	36
275	30
276	31
277	28
278	36
279	39
280	38
281	27
282	47
283	37
284	38
285	38
286	23
287	27
288	39
289	35
290	32
291	25
292	38
293	31
294	48
295	38
296	42
297	41
298	46
299	54
300	45
301	39
302	42
303	43
304	39
305	58
306	58
307	56
308	62
309	48
310	49
311	50
312	71
313	50
314	64
315	44
316	48
317	52
318	48
319	36
320	36
321	35
322	38
323	33
324	32
325	31
326	20
327	27
328	22
329	12
330	24
331	22
332	16
333	18
334	19
335	13
336	17
337	20
338	11
339	8
340	14
341	12
342	8
343	11
344	16
345	10
346	10
347	6
348	14
349	14
350	9
351	11
352	12
353	15
354	15
355	16
356	23
357	22
358	28
359	19
360	26
361	30
362	29
363	22
364	19
365	28
366	31
367	18
368	20
369	17
370	13
371	24
372	17
373	21
374	20
375	23
376	29
377	27
378	33
379	31
380	32
381	22
382	39
383	30
384	31
385	35
386	50
387	37
388	35
389	37
390	49
391	37
392	40
393	47
394	39
395	36
396	33
397	42
398	38
399	44
400	45
401	35
402	45
403	47
404	40
405	42
406	45
407	44
408	33
409	32
410	45
411	44
412	47
413	39
414	58
415	45
416	51
417	47
418	49
419	47
420	57
421	37
422	66
423	47
424	54
425	51
426	51
427	52
428	46
429	43
430	56
431	52
432	49
433	40
434	55
435	42
436	35
437	38
438	35
439	43
440	44
441	40
442	47
443	35
444	47
445	30
446	32
447	28
448	30
449	27
450	30
451	24
452	18
453	20
454	24
455	17
456	21
457	23
458	18
459	18
460	10
461	9
462	9
463	14
464	9
465	8
466	7
467	15
468	9
469	8
470	9
471	15
472	9
473	11
474	10
475	13
476	11
477	12
478	16
479	13
480	17
481	19
482	12
483	18
484	17
485	17
486	21
487	14
488	20
489	29
490	22
491	29
492	23
493	22
494	27
495	38
496	30
497	32
498	48
499	43
500	29
501	43
502	36
503	52
504	43
505	50
506	38
507	33
508	42
509	48
510	46
511	45
512	51
513	36
514	46
515	54
516	49
517	52
518	60
519	58
520	54
521	56
522	61
523	50
524	51
525	65
526	55
527	74
528	67
529	77
530	67
531	65
532	92
533	66
534	76
535	77
536	73
537	84
538	62
539	70
540	83
541	72
542	75
543	71
544	49
545	66
546	54
547	63
548	59
549	58
550	47
551	40
552	58
553	51
554	51
555	49
556	34
557	42
558	37
559	37
560	25
561	37
562	30
563	23
564	20
565	23
566	17
567	11
568	18
569	26
570	10
571	11
572	6
573	10
574	10
575	11
576	13
577	8
578	9
579	10
580	8
581	7
582	15
583	10
584	8
585	18
586	11
587	22
588	12
589	13
590	18
591	18
592	22
593	25
594	25
595	22
596	18
597	30
598	33
599	30
600	34
601	26
602	30
603	31
604	35
605	36
606	37
607	39
608	40
609	37
610	38
611	40
612	48
613	47
614	53
615	56
616	56
617	85
618	54
619	63
620	49
621	49
622	72
623	72
624	66
625	73
626	71
627	100
628	83
629	71
630	84
631	75
632	90
633	82
634	79
635	94
636	90
637	91
638	83
639	78
640	104
641	90
642	99
643	85
644	87
645	87
646	78
647	104
648	90
649	96
650	89
651	86
652	67
653	85
654	76
655	80
656	65
657	81
658	63
659	66
660	66
661	57
662	47
663	56
664	47
665	43
666	38
667	53
668	48
669	39
670	31
671	32
672	31
673	30
674	27
675	22
676	18
677	14
678	12
679	16
680	18
681	14
682	20
683	9
684	12
685	18
686	15
687	8
688	9
689	15
690	11
691	15
692	12
693	15
694	20
695	9
696	17
697	19
698	22
699	20
700	22
701	19
702	25
703	29
704	26
705	33
706	26
707	25
708	36
709	27
710	40
711	31
712	45
713	40
714	41
715	33
716	51
717	45
718	52
719	61
720	44
721	39
722	46
723	60
724	50
725	65
726	64
727	70
728	68
729	77
730	80
731	86
732	82
733	85
734	86
735	94
736	73
737	83
738	83
739	71
740	93
741	104
742	110
743	96
744	113
745	102
746	95
747	96
748	109
749	104
750	113
751	125
752	93
753	98
754	115
755	111
756	97
757	109
758	107
759	116
760	83
761	77
762	90
763	99
764	90
765	82
766	71
767	64
768	74
769	58
770	69
771	67
772	67
773	53
774	53
775	48
776	36
777	51
778	39
779	36
780	29
781	31
782	35
783	28
784	22
785	21
786	31
787	19
788	12
789	19
790	19
791	9
792	10
793	13
794	12
795	10
796	8
797	17
798	17
799	12
800	17
801	14
802	10
803	20
804	12
805	13
806	22
807	21
808	13
809	21
810	20
811	12
812	19
813	26
814	27
815	27
816	28
817	32
818	33
819	32
820	27
821	33
822	36
823	38
824	42
825	43
826	40
827	41
828	57
829	40
830	47
831	63
832	61
833	51
834	70
835	66
836	64
837	69
838	77
839	78
840	70
841	88
842	90
843	88
844	71
845	69
846	79
847	92
848	85
849	104
850	91
851	87
852	101
853	103
854	99
855	99
856	112
857	89
858	108
859	99
860	107
861	100
862	84
863	104
864	90
865	81
866	88
867	105
868	86
869	89
870	87
871	82
872	84
873	74
874	70
875	83
876	77
877	70
878	51
879	65
880	59
881	54
882	58
883	49
884	59
885	41
886	48
887	30
888	38
889	32
890	28
891	32
892	30
893	23
894	26
895	19
896	14
897	18
898	16
899	12
900	11
901	12
902	10
903	14
904	10
905	11
906	10
907	11
908	15
909	13
910	15
911	20
912	12
913	18
914	14
915	22
916	24
917	13
918	16
919	18
920	21
921	24
922	17
923	20
924	29
925	26
926	14
927	27
928	29
929	34
930	32
931	24
932	41
933	40
934	33
935	55
936	34
937	38
938	40
939	47
940	41
941	50
942	56
943	68
944	49
945	60
946	58
947	68
948	59
949	67
950	56
951	66
952	67
953	72
954	89
955	64
956	92
957	70
958	68
959	105
960	88
961	71
962	74
963	92
964	84
965	77
966	90
967	87
968	87
969	84
970	66
971	83
972	83
973	85
974	93
975	77
976	62
977	88
978	72
979	71
980	57
981	68
982	78
983	65
984	82
985	71
986	61
987	46
988	46
989	44
990	45
991	45
992	42
993	33
994	37
995	25
996	26
997	42
998	32
999	28
1000	28
1001	31
1002	23
1003	30
1004	24
1005	11
1006	17
1007	19
1008	17

0	40
1	43
2	40
3	39
4	19
5	36
6	34
7	28
8	34
9	29
10	30
11	34
12	38
13	31
14	35
15	30
16	32
17	41
18	29
19	35
20	26
21	16
22	35
23	22
24	15
25	19
26	17
27	19
28	34
29	21
30	14
31	28
32	19
33	23
34	24
35	19
36	32
37	29
38	28
39	34
40	26
41	27
42	34
43	29
44	17
45	28
46	25
47	20
48	24
49	46
50	38
51	32
52	34
53	41
54	42
55	36
56	33
57	34
58	43
59	31
60	35
61	45
62	38
63	40
64	47
65	43
66	48
67	47
68	33
69	35
70	65
71	50
72	48
73	47
74	49
75	52
76	34
77	66
78	55
79	64
80	76
81	34
82	49
83	59
84	64
85	64
86	65
87	48
88	62
89	68
90	69
91	66
92	96
93	75
94	93
95	69
96	73
97	62
98	66
99	76
100	56
101	67
102	85
103	71
104	71
105	66
106	86
107	79
108	89
109	64
110	81
111	83
112	74
113	72
114	66
115	58
116	75
117	75
118	84
119	72
120	79
121	82
122	59
123	63
124	83
125	63
126	66
127	65
128	65
129	79
130	61
131	68
132	73
133	65
134	72
135	78
136	82
137	73
138	66
139	79
140	67
141	68
142	88
143	63
144	53
145	54
146	68
147	41
148	56
149	53
150	55
151	61
152	57
153	51
154	51
155	60
156	33
157	49
158	46
159	50
160	37
161	31
162	38
163	20
164	55
165	37
166	20
167	30
168	13
169	34
170	13
171	25
172	18
173	22
174	24
175	19
176	17
177	17
178	23
179	22
180	17
181	20
182	13
183	21
184	17
185	17
186	22
187	14
188	15
189	10
190	13
191	8
192	18
193	13
194	18
195	28
196	30
197	28
198	31
199	30
200	25
201	22
202	21
203	27
204	17
205	29
206	28
207	19
208	26
209	40
210	34
211	34
212	23
213	41
214	34
215	34
216	47
217	43
218	36
219	34
220	30
221	59
222	45
223	58
224	38
225	45
226	44
227	42
228	44
229	41
230	48
231	37
232	36
233	39
234	28
235	49
236	48
237	47
238	46
239	28
240	55
241	47
242	45
243	54
244	42
245	33
246	51
247	45
248	50
249	48
250	45
251	46
252	46
253	46
254	43
255	57
256	46
257	60
258	48
259	48
260	45
261	44
262	49
263	46
264	69
265	59
266	51
267	62
268	61
269	64
270	46
271	68
272	50
273	50
274	45
275	56
276	53
277	64
278	51
279	49
280	48
281	46
282	58
283	65
284	51
285	62
286	43
287	51
288	35
289	52
290	53
291	49
292	48
293	41
294	29
295	44
296	64
297	44
298	39
299	24
300	32
301	20
302	28
303	42
304	20
305	25
306	21
307	14
308	28
309	23
310	21
311	23
312	24
313	22
314	20
315	31
316	19
317	29
318	29
319	45
320	28
321	28
322	48
323	42
324	35
325	41
326	22
327	31
328	28
329	29
330	29
331	42
332	47
333	41
334	39
335	39
336	41
337	62
338	59
339	45
340	38
341	69
342	43
343	50
344	63
345	58
346	48
347	60
348	65
349	73
350	60
351	65
352	55
353	88
354	55
355	63
356	62
357	56
358	48
359	38
360	61
361	57
362	73
363	51
364	66
365	58
366	53
367	47
368	59
369	45
370	67
371	77
372	49
373	40
374	58
375	52
376	61
377	56
378	41
379	62
380	63
381	54
382	50
383	32
384	47
385	46
386	45
387	46
388	45
389	43
390	64
391	56
392	56
393	47
394	47
395	41
396	40
397	38
398	36
399	46
400	47
401	40
402	36
403	19
404	41
405	39
406	44
407	37
408	29
409	24
410	31
411	33
412	28
413	23
414	29
415	35
416	39
417	54
418	31
419	40
420	42
421	49
422	47
423	54
424	42
425	49
426	33
427	38
428	56
429	44
430	46
431	42
432	44
433	40
434	42
435	45
436	55
437	65
438	46
439	56
440	51
441	53
442	58
443	48
444	47
445	42
446	56
447	38
448	40
449	60
450	58
451	49
452	36
453	45
454	36
455	27
456	34
457	31
458	23
459	30
460	25
461	24
462	25
463	24
464	24
465	25
466	31
467	42
468	32
469	45
470	23
471	25
472	27
473	18
474	18
475	28
476	33
477	21
478	25
479	23
480	36
481	28
482	31
483	33
484	34
485	28
486	31
487	37
488	33
489	50
490	35
491	30
492	35
493	30
494	33
495	39
496	48
497	53
498	44
499	32
500	45
501	56
502	47
503	47
504	50
505	48
506	57
507	42
508	54
509	43
510	49
511	48
512	39
513	41
514	52
515	53
516	41
517	39
518	42
519	34
520	29
521	34
522	25
523	37
524	40
525	40
526	35
527	37
528	43
529	25
530	39
531	48
532	33
533	25
534	47
535	36
536	35
537	32
538	37
539	27
540	35
541	45
542	43
543	53
544	63
545	54
546	47
547	44
548	49
549	56
550	65
551	51
552	54
553	52
554	74
555	77
556	53
557	60
558	73
559	65
560	61
561	56
562	60
563	46
564	59
565	55
566	62
567	64
568	59
569	45
570	57
571	51
572	82
573	77
574	63
575	53
576	68
577	48
578	53
579	53
580	45
581	45
582	45
583	69
584	61
585	40
586	64
587	34
588	51
589	36
590	44
591	43
592	63
593	34
594	38
595	33
596	31
597	30
598	35
599	33
600	27
601	29
602	39
603	17
604	22
605	25
606	25
607	25
608	27
609	20
610	16
611	21
612	22
613	26
614	20
615	27
616	23
617	22
618	18
619	26
620	17
621	14
622	13
623	22
624	31
625	21
626	26
627	19
628	29
629	39
630	27
631	33
632	31
633	33
634	31
635	39
636	33
637	30
638	28
639	36
640	44
641	30
642	27
643	34
644	27
645	20
646	35
647	23
648	27
649	24
650	37
651	32
652	36
653	39
654	34
655	29
656	27
657	23
658	33
659	25
660	32
661	30
662	30
663	29
664	31
665	46
666	32
667	41
668	46
669	33
670	30
671	28
672	31
673	29
674	31
675	41
676	39
677	35
678	50
679	51
680	39
681	45
682	41
683	35
684	49
685	49
686	43
687	52
688	56
689	56
690	72
691	48
692	52
693	51
694	71
695	63
696	66
697	53
698	64
699	67
700	79
701	76
702	67
703	58
704	59
705	73
706	76
707	61
708	80
709	56
710	77
711	70
712	91
713	66
714	64
715	81
716	69
717	77
718	64
719	53
720	86
721	60
722	83
723	66
724	73
725	62
726	71
727	66
728	84
729	70
730	66
731	51
732	53
733	58
734	53
735	51
736	65
737	51
738	49
739	47
740	49
741	50
742	49
743	45
744	46
745	42
746	41
747	37
748	32
749	40
750	36
751	28
752	23
753	23
754	30
755	20
756	30
757	32
758	26
759	31
760	15
761	29
762	28
763	20
764	13
765	22
766	19
767	11
768	22
769	16
770	21
771	36
772	26
773	23
774	29
775	29
776	25
777	26
778	27
779	28
780	32
781	35
782	29
783	40
784	40
785	41
786	23
787	30
788	30
789	28
790	40
791	30
792	22
793	34
794	43
795	28
796	30
797	43
798	28
799	41
800	42
801	42
802	38
803	35
804	26
805	27
806	36
807	32
808	26
809	36
810	34
811	37
812	39
813	32
814	35
815	30
816	45
817	47
818	40
819	31
820	27
821	36
822	34
823	30
824	31
825	41
826	37
827	23
828	41
829	31
830	32
831	37
832	36
833	32
834	31
835	28
836	44
837	31
838	38
839	46
840	48
841	34
842	43
843	37
844	26
845	33
846	34
847	37
848	34
849	38
850	50
851	35
852	39
853	46
854	60
855	36
856	43
857	46
858	33
859	41
860	48
861	38
862	54
863	40
864	40
865	51
866	51
867	48
868	51
869	47
870	30
871	42
872	43
873	30
874	35
875	30
876	34
877	42
878	41
879	45
880	40
881	36
882	41
883	28
884	32
885	40
886	28
887	18
888	31
889	20
890	29
891	32
892	25
893	28
894	21
895	20
896	19
897	28
898	18
899	23
900	26
901	35
902	18
903	28
904	18
905	23
906	32
907	29
908	20
909	31
910	35
911	26
912	20
913	30
914	34
915	36
916	32
917	39
918	31
919	49
920	39
921	37
922	53
923	42
924	36
925	47
926	52
927	40
928	36
929	52
930	33
931	37
932	36
933	39
934	25
935	49
936	48
937	54
938	43
939	35
940	46
941	31
942	38
943	35
944	37
945	45
946	36
947	34
948	42
949	35
950	27
951	33
952	36
953	28
954	31
955	28
956	27
957	34
958	31
959	35
960	30
961	42
962	29
963	42
964	29
965	43
966	47
967	35
968	36
969	38
970	35
971	34
972	26
973	44
974	31
975	32
976	32
977	27
978	34
979	44
980	36
981	41
982	46
983	49
984	35
985	36
986	36
987	37
988	36
989	28
990	36
991	30
992	36
993	46
994	47
995	35
996	39
997	37
998	37
999	46
1000	39
1001	39
1002	50
1003	38
1004	43
1005	28
1006	32
1007	34
1008	26

0	42
1	35
2	34
3	28
4	37
5	43
6	45
7	46
8	44
9	50
10	51
11	39
12	30
13	47
14	57
15	40
16	52
17	41
18	45
19	62
20	42
21	49
22	43
23	53
24	48
25	47
26	48
27	44
28	53
29	33
30	33
31	42
32	33
33	37
34	32
35	45
36	43
37	29
38	37
39	35
40	45
41	28
42	38
43	33
44	38
45	46
46	31
47	36
48	52
49	52
50	41
51	41
52	39
53	42
54	44
55	34
56	39
57	37
58	34
59	36
60	37
61	34
62	37
63	44
64	49
65	38
66	41
67	38
68	33
69	41
70	43
71	35
72	36
73	49
74	48
75	53
76	39
77	48
78	47
79	42
80	36
81	37
82	50
83	40
84	41
85	51
86	42
87	44
88	39
89	40
90	36
91	46
92	40
93	34
94	53
95	32
96	34
97	44
98	58
99	35
100	39
101	46
102	49
103	54
104	56
105	44
106	36
107	51
108	49
109	35
110	43
111	43
112	47
113	43
114	40
115	44
116	43
117	60
118	44
119	44
120	40
121	46
122	44
123	46
124	40
125	63
126	42
127	47
128	53
129	45
130	44
131	49
132	37
133	31
134	38
135	32
136	39
137	41
138	53
139	39
140	37
141	41
142	44
143	34
144	43
145	42
146	48
147	40
148	56
149	30
150	44
151	35
152	34
153	33
154	43
155	41
156	46
157	41
158	34
159	39
160	38
161	47
162	39
163	48
164	43
165	40
166	50
167	31
168	49
169	37
170	41
171	30
172	37
173	46
174	46
175	29
176	38
177	37
178	44
179	50
180	42
181	40
182	36
183	33
184	42
185	32
186	40
187	54
188	39
189	46
190	50
191	41
192	39
193	41
194	45
195	45
196	52
197	44
198	51
199	31
200	53
201	42
202	33
203	49
204	42
205	49
206	42
207	38
208	47
209	33
210	44
211	24
212	30
213	44
214	37
215	35
216	44
217	42
218	35
219	33
220	43
221	36
222	44
223	41
224	34
225	51
226	31
227	37
228	44
229	46
230	35
231	41
232	43
233	41
234	35
235	41
236	47
237	42
238	42
239	49
240	45
241	36
242	45
243	46
244	54
245	41
246	42
247	38
248	41
249	42
250	37
251	50
252	41
253	40
254	34
255	43
256	41
257	41
258	46
259	39
260	42
261	31
262	36
263	48
264	49
265	45
266	50
267	47
268	35
269	36
270	41
271	35
272	37
273	32
274	37
275	36
276	51
277	53
278	55
279	40
280	48
281	36
282	30
283	37
284	33
285	36
286	37
287	45
288	40
289	34
290	34
291	41
292	33
293	42
294	52
295	37
296	52
297	34
298	43
299	49
300	37
301	45
302	38
303	33
304	44
305	38
306	45
307	45
308	36
309	49
310	40
311	42
312	38
313	37
314	37
315	37
316	42
317	41
318	36
319	54
320	30
321	55
322	38
323	47
324	43
325	39
326	43
327	36
328	42
329	42
330	42
331	41
332	38
333	37
334	39
335	52
336	42
337	49
338	44
339	49
340	44
341	53
342	51
343	49
344	45
345	47
346	46
347	39
348	40
349	45
350	59
351	39
352	40
353	47
354	58
355	45
356	43
357	43
358	39
359	30
360	41
361	37
362	36
363	56
364	33
365	44
366	41
367	42
368	47
369	41
370	39
371	39
372	47
373	35
374	48
375	45
376	43
377	50
378	26
379	45
380	40
381	38
382	55
383	44
384	41
385	47
386	46
387	43
388	43
389	51
390	41
391	42
392	53
393	46
394	36
395	44
396	28
397	53
398	41
399	38
400	42
401	43
402	44
403	37
404	39
405	36
406	27
407	51
408	37
409	31
410	44
411	35
412	52
413	45
414	29
415	50
416	37
417	36
418	47
419	43
420	42
421	47
422	36
423	45
424	42
425	42
426	29
427	49
428	38
429	45
430	40
431	36
432	40
433	43
434	44
435	31
436	42
437	44
438	43
439	47
440	37
441	39
442	38
443	44
444	42
445	32
446	39
447	38
448	38
449	38
450	45
451	47
452	43
453	43
454	46
455	42
456	44
457	30
458	47
459	37
460	40
461	43
462	49
463	43
464	48
465	41
466	40
467	38
468	42
469	47
470	56
471	44
472	54
473	40
474	33
475	50
476	52
477	56
478	43
479	47
480	38
481	37
482	40
483	47
484	47
485	45
486	41
487	36
488	36
489	39
490	34
491	40
492	55
493	36
494	37
495	43
496	37
497	32
498	37
499	42
500	39
501	39
502	41
503	46
504	44
505	37
506	39
507	27
508	42
509	40
510	44
511	33
512	35
513	46
514	45
515	43
516	32
517	37
518	41
519	41
520	45
521	62
522	46
523	37
524	48
525	41
526	37
527	37
528	43
529	56
530	45
531	47
532	39
533	47
534	41
535	44
536	32
537	37
538	48
539	52
540	34
541	42
542	48
543	42
544	43
545	36
546	44
547	37
548	43
549	40
550	44
551	50
552	39
553	52
554	37
555	36
556	44
557	56
558	38
559	42
560	38
561	38
562	36
563	26
564	41
565	40
566	42
567	53
568	40
569	38
570	38
571	35
572	40
573	28
574	40
575	42
576	44
577	50
578	31
579	55
580	53
581	33
582	35
583	33
584	48
585	34
586	41
587	40
588	37
589	47
590	51
591	41
592	37
593	36
594	38
595	39
596	37
597	41
598	45
599	43
600	37
601	38
602	44
603	39
604	33
605	33
606	43
607	48
608	30
609	34
610	40
611	38
612	32
613	38
614	30
615	40
616	37
617	38
618	54
619	45
620	45
621	36
622	46
623	33
624	39
625	33
626	37
627	41
628	40
629	39
630	33
631	38
632	32
633	46
634	28
635	23
636	20
637	44
638	46
639	40
640	47
641	38
642	32
643	38
644	33
645	42
646	42
647	43
648	40
649	47
650	37
651	52
652	47
653	40
654	50
655	42
656	41
657	46
658	53
659	32
660	46
661	32
662	55
663	37
664	42
665	44
666	49
667	26
668	41
669	48
670	43
671	48
672	44
673	43
674	35
675	28
676	47
677	45
678	25
679	45
680	36
681	47
682	46
683	47
684	40
685	46
686	39
687	37
688	43
689	42
690	42
691	29
692	39
693	32
694	41
695	45
696	44
697	33
698	36
699	42
700	48
701	47
702	46
703	52
704	39
705	37
706	50
707	40
708	43
709	47
710	33
711	44
712	40
713	39
714	36
715	45
716	51
717	51
718	49
719	40
720	47
721	47
722	54
723	50
724	35
725	45
726	50
727	36
728	44
729	46
730	38
731	45
732	49
733	48
734	35
735	39
736	43
737	48
738	45
739	44
740	32
741	36
742	29
743	45
744	34
745	43
746	38
747	43
748	35
749	36
750	40
751	37
752	36
753	40
754	35
755	47
756	39
757	29
758	46
759	52
760	40
761	38
762	46
763	32
764	38
765	45
766	48
767	52
768	38
769	33
770	38
771	39
772	49
773	46
774	44
775	36
776	39
777	49
778	43
779	44
780	53
781	37
782	40
783	45
784	37
785	43
786	37
787	55
788	32
789	44
790	39
791	36
792	25
793	25
794	38
795	53
796	36
797	48
798	42
799	31
800	41
801	42
802	31
803	52
804	48
805	49
806	40
807	55
808	41
809	45
810	39
811	44
812	45
813	53
814	32
815	49
816	45
817	45
818	37
819	45
820	48
821	34
822	38
823	36
824	48
825	39
826	41
827	49
828	51
829	50
830	58
831	50
832	52
833	47
834	39
835	44
836	51
837	38
838	48
839	44
840	40
841	41
842	46
843	36
844	50
845	50
846	47
847	38
848	39
849	46
850	39
851	46
852	41
853	48
854	41
855	43
856	29
857	36
858	53
859	38
860	38
861	41
862	44
863	48
864	38
865	39
866	46
867	35
868	38
869	35
870	36
871	48
872	40
873	37
874	51
875	45
876	46
877	40
878	37
879	36
880	51
881	47
882	41
883	46
884	36
885	50
886	45
887	30
888	34
889	32
890	42
891	37
892	36
893	35
894	39
895	38
896	37
897	36
898	47
899	45
900	40
901	40
902	42
903	55
904	41
905	33
906	52
907	43
908	28
909	37
910	44
911	30
912	38
913	34
914	36
915	32
916	36
917	36
918	46
919	50
920	35
921	29
922	29
923	33
924	36
925	31
926	42
927	50
928	33
929	50
930	48
931	44
932	50
933	38
934	61
935	48
936	43
937	43
938	34
939	36
940	49
941	34
942	49
943	36
944	37
945	50
946	46
947	54
948	51
949	49
950	54
951	38
952	43
953	45
954	49
955	43
956	47
957	45
958	40
959	37
960	49
961	43
962	39
963	40
964	44
965	35
966	47
967	40
968	37
969	49
970	43
971	26
972	39
973	45
974	46
975	39
976	47
977	59
978	35
979	44
980	32
981	42
982	52
983	46
984	34
985	34
986	38
987	44
988	35
989	36
990	41
991	56
992	31
993	45
994	43
995	44
996	36
997	40
998	42
999	40
1000	46
1001	38
1002	35
1003	31
1004	41
1005	39
1006	47
1007	34
1008	41

0	43
1	48
2	48
3	30
4	45
5	45
6	48
7	42
8	47
9	47
10	40
11	42
12	44
13	46
14	25
15	54
16	42
17	38
18	48
19	55
20	40
21	38
22	39
23	43
24	40
25	45
26	37
27	40
28	38
29	49
30	47
31	49
32	40
33	36
34	52
35	40
36	50
37	44
38	50
39	46
40	39
41	45
42	46
43	41
44	40
45	41
46	37
47	38
48	42
49	41
50	51
51	50
52	42
53	51
54	37
55	39
56	47
57	40
58	53
59	41
60	49
61	42
62	49
63	41
64	39
65	44
66	54
67	47
68	33
69	46
70	45
71	45
72	48
73	39
74	41
75	26
76	34
77	38
78	46
79	44
80	38
81	40
82	39
83	39
84	40
85	45
86	45
87	43
88	43
89	37
90	63
91	46
92	43
93	33
94	43
95	33
96	41
97	44
98	42
99	46
100	43
101	35
102	38
103	36
104	42
105	52
106	45
107	43
108	36
109	46
110	40
111	38
112	51
113	38
114	43
115	38
116	38
117	44
118	45
119	51
120	38
121	46
122	34
123	50
124	44
125	35
126	38
127	33
128	46
129	41
130	40
131	44
132	39
133	28
134	45
135	37
136	31
137	57
138	40
139	42
140	37
141	42
142	48
143	44
144	45
145	36
146	40
147	42
148	36
149	58
150	45
151	43
152	47
153	34
154	42
155	31
156	50
157	34
158	40
159	41
160	44
161	48
162	55
163	45
164	45
165	40
166	43
167	43
168	45
169	37
170	35
171	31
172	38
173	44
174	38
175	42
176	54
177	45
178	33
179	41
180	35
181	44
182	55
183	48
184	35
185	30
186	29
187	39
188	34
189	41
190	34
191	49
192	39
193	51
194	44
195	40
196	37
197	39
198	37
199	49
200	51
201	34
202	40
203	47
204	32
205	40
206	34
207	26
208	36
209	49
210	47
211	47
212	56
213	51
214	40
215	44
216	35
217	41
218	45
219	31
220	38
221	49
222	38
223	39
224	38
225	52
226	48
227	39
228	44
229	35
230	50
231	38
232	23
233	48
234	36
235	48
236	39
237	43
238	48
239	44
240	35
241	39
242	42
243	44
244	46
245	48
246	39
247	42
248	37
249	34
250	44
251	41
252	49
253	33
254	40
255	51
256	44
257	34
258	54
259	45
260	42
261	32
262	47
263	38
264	35
265	50
266	35
267	38
268	41
269	47
270	38
271	45
272	43
273	41
274	51
275	42
276	48
277	47
278	35
279	41
280	48
281	36
282	32
283	43
284	44
285	39
286	40
287	40
288	36
289	34
290	49
291	33
292	36
293	48
294	40
295	44
296	47
297	36
298	33
299	39
300	33
301	43
302	42
303	56
304	38
305	42
306	38
307	46
308	41
309	37
310	34
311	42
312	29
313	37
314	43
315	41
316	42
317	33
318	46
319	26
320	41
321	31
322	38
323	33
324	44
325	50
326	35
327	35
328	46
329	49
330	32
331	59
332	29
333	38
334	33
335	47
336	41
337	32
338	56
339	43
340	46
341	49
342	35
343	35
344	57
345	37
346	39
347	35
348	34
349	35
350	46
351	36
352	41
353	45
354	36
355	46
356	53
357	41
358	47
359	40
360	34
361	43
362	45
363	54
364	31
365	55
366	32
367	35
368	32
369	39
370	37
371	49
372	33
373	38
374	35
375	36
376	45
377	37
378	39
379	38
380	51
381	38
382	41
383	38
384	33
385	45
386	34
387	48
388	39
389	38
390	33
391	46
392	34
393	41
394	40
395	43
396	39
397	35
398	34
399	46
400	39
401	34
402	39
403	33
404	46
405	34
406	39
407	45
408	45
409	35
410	31
411	38
412	45
413	39
414	36
415	46
416	36
417	35
418	39
419	48
420	48
421	49
422	38
423	51
424	36
425	43
426	36
427	43
428	44
429	34
430	33
431	35
432	51
433	41
434	36
435	36
436	40
437	37
438	44
439	42
440	35
441	45
442	50
443	38
444	43
445	41
446	56
447	35
448	34
449	46
450	39
451	46
452	41
453	41
454	42
455	41
456	37
457	42
458	41
459	51
460	41
461	43
462	40
463	52
464	37
465	54
466	49
467	33
468	49
469	45
470	36
471	55
472	41
473	48
474	45
475	42
476	33
477	45
478	45
479	36
480	46
481	52
482	39
483	45
484	49
485	44
486	45
487	40
488	49
489	47
490	41
491	60
492	34
493	51
494	44
495	39
496	39
497	37
498	38
499	35
500	46
501	35
502	32
503	43
504	41
505	41
506	31
507	35
508	38
509	59
510	35
511	38
512	55
513	44
514	38
515	42
516	41
517	40
518	44
519	45
520	46
521	47
522	50
523	45
524	43
525	54
526	53
527	32
528	59
529	45
530	42
531	42
532	39
533	44
534	36
535	30
536	36
537	27
538	47
539	48
540	39
541	43
542	34
543	33
544	42
545	57
546	51
547	40
548	42
549	28
550	55
551	43
552	38
553	48
554	49
555	45
556	36
557	45
558	47
559	47
560	48
561	40
562	43
563	54
564	52
565	45
566	33
567	37
568	44
569	36
570	32
571	61
572	48
573	51
574	54
575	53
576	37
577	47
578	40
579	43
580	39
581	48
582	33
583	53
584	42
585	42
586	43
587	36
588	43
589	26
590	51
591	53
592	46
593	41
594	52
595	35
596	35
597	35
598	49
599	52
600	43
601	46
602	57
603	54
604	44
605	36
606	43
607	35
608	33
609	43
610	34
611	37
612	52
613	48
614	40
615	41
616	37
617	33
618	44
619	34
620	46
621	41
622	43
623	37
624	44
625	47
626	48
627	27
628	49
629	42
630	50
631	40
632	33
633	49
634	46
635	43
636	42
637	46
638	29
639	43
640	35
641	35
642	30
643	42
644	43
645	46
646	55
647	31
648	36
649	51
650	49
651	35
652	46
653	48
654	38
655	32
656	50
657	33
658	41
659	40
660	42
661	40
662	39
663	48
664	40
665	43
666	37
667	38
668	48
669	37
670	43
671	37
672	34
673	53
674	42
675	40
676	44
677	32
678	43
679	38
680	36
681	43
682	56
683	42
684	50
685	52
686	43
687	48
688	55
689	34
690	41
691	53
692	41
693	53
694	34
695	49
696	49
697	38
698	37
699	34
700	37
701	45
702	38
703	44
704	39
705	37
706	43
707	39
708	30
709	44
710	41
711	36
712	47
713	48
714	43
715	38
716	46
717	48
718	41
719	44
720	45
721	41
722	39
723	33
724	40
725	24
726	50
727	42
728	35
729	36
730	43
731	40
732	41
733	41
734	44
735	43
736	37
737	40
738	48
739	40
740	41
741	44
742	38
743	41
744	38
745	31
746	44
747	48
748	41
749	40
750	39
751	38
752	31
753	30
754	38
755	38
756	40
757	28
758	40
759	43
760	41
761	47
762	38
763	44
764	38
765	43
766	39
767	39
768	56
769	43
770	52
771	39
772	48
773	29
774	34
775	31
776	46
777	46
778	43
779	55
780	34
781	38
782	36
783	37
784	41
785	41
786	41
787	41
788	40
789	31
790	41
791	45
792	45
793	60
794	42
795	38
796	41
797	43
798	34
799	38
800	35
801	48
802	40
803	46
804	53
805	34
806	38
807	34
808	47
809	33
810	37
811	32
812	27
813	42
814	49
815	43
816	46
817	40
818	56
819	40
820	43
821	32
822	45
823	49
824	42
825	47
826	39
827	39
828	47
829	41
830	52
831	39
832	32
833	64
834	48
835	30
836	28
837	33
838	44
839	46
840	41
841	56
842	46
843	38
844	37
845	27
846	38
847	45
848	45
849	39
850	38
851	35
852	42
853	42
854	38
855	34
856	42
857	36
858	31
859	41
860	35
861	33
862	41
863	43
864	38
865	36
866	40
867	38
868	50
869	41
870	49
871	44
872	45
873	56
874	37
875	44
876	41
877	28
878	34
879	33
880	44
881	43
882	43
883	38
884	36
885	43
886	35
887	37
888	36
889	28
890	37
891	43
892	25
893	40
894	38
895	44
896	41
897	40
898	40
899	47
900	40
901	37
902	42
903	53
904	33
905	42
906	36
907	50
908	41
909	35
910	39
911	42
912	40
913	42
914	52
915	38
916	52
917	47
918	47
919	44
920	44
921	42
922	32
923	37
924	41
925	42
926	48
927	39
928	47
929	37
930	51
931	43
932	39
933	41
934	40
935	44
936	53
937	41
938	29
939	30
940	40
941	33
942	37
943	35
944	38
945	42
946	42
947	37
948	42
949	42
950	38
951	28
952	35
953	45
954	45
955	42
956	44
957	38
958	51
959	34
960	46
961	50
962	38
963	47
964	35
965	33
966	53
967	44
968	51
969	41
970	45
971	43
972	35
973	46
974	47
975	48
976	54
977	40
978	41
979	45
980	45
981	48
982	51
983	51
984	38
985	43
986	41
987	42
988	45
989	37
990	38
991	44
992	41
993	49
994	45
995	40
996	44
997	35
998	42
999	45
1000	42
1001	51
1002	47
1003	36
1004	31
1005	35
1006	38
1007	38
1008	39

